<?xml version="1.0" encoding="UTF-8"?>
<!-- Generated by org.testng.reporters.JUnitReportReporter -->
<testsuite hostname="LAPTOP-7FB3PP7D" failures="0" tests="4" name="testRunner.TestRunner" time="0.136" errors="0" timestamp="2021-12-29T14:21:38 IST" skipped="0">
  <testcase classname="testRunner.TestRunner" name="runScenario" time="0.010"/>
  <system-out/>
  <testcase classname="testRunner.TestRunner" name="runScenario" time="0.106"/>
  <system-out/>
  <testcase classname="testRunner.TestRunner" name="runScenario" time="0.011"/>
  <system-out/>
  <testcase classname="testRunner.TestRunner" name="runScenario" time="0.009"/>
  <system-out/>
</testsuite> <!-- testRunner.TestRunner -->
